[debug] [2025-05-07T09:06:10.693Z] ----------------------------------------------------------------------
[debug] [2025-05-07T09:06:10.695Z] Command:       /usr/local/bin/firebase /home/sacad/.cache/firebase/tools/lib/node_modules/firebase-tools/lib/bin/firebase projects:list --json
[debug] [2025-05-07T09:06:10.696Z] CLI Version:   13.2.1
[debug] [2025-05-07T09:06:10.696Z] Platform:      linux
[debug] [2025-05-07T09:06:10.696Z] Node Version:  v18.5.0
[debug] [2025-05-07T09:06:10.696Z] Time:          Wed May 07 2025 12:06:10 GMT+0300 (East Africa Time)
[debug] [2025-05-07T09:06:10.697Z] ----------------------------------------------------------------------
[debug] 
[debug] [2025-05-07T09:06:10.799Z] > command requires scopes: ["email","openid","https://www.googleapis.com/auth/cloudplatformprojects.readonly","https://www.googleapis.com/auth/firebase","https://www.googleapis.com/auth/cloud-platform"]
[debug] [2025-05-07T09:06:10.799Z] > authorizing via signed-in user (digdigleeye@gmail.com)
[debug] [2025-05-07T09:06:10.804Z] > refreshing access token with scopes: []
[debug] [2025-05-07T09:06:10.807Z] >>> [apiv2][query] POST https://www.googleapis.com/oauth2/v3/token [none]
[debug] [2025-05-07T09:06:10.808Z] >>> [apiv2][body] POST https://www.googleapis.com/oauth2/v3/token [omitted]
[debug] [2025-05-07T09:06:11.435Z] <<< [apiv2][status] POST https://www.googleapis.com/oauth2/v3/token 400
[debug] [2025-05-07T09:06:11.436Z] <<< [apiv2][body] POST https://www.googleapis.com/oauth2/v3/token [omitted]
[debug] [2025-05-07T09:06:11.438Z] >>> [apiv2][query] GET https://firebase.googleapis.com/v1beta1/projects pageSize=1000
[debug] [2025-05-07T09:06:14.399Z] <<< [apiv2][status] GET https://firebase.googleapis.com/v1beta1/projects 401
[debug] [2025-05-07T09:06:14.400Z] <<< [apiv2][body] GET https://firebase.googleapis.com/v1beta1/projects [omitted]
[debug] [2025-05-07T09:06:14.401Z] HTTP Error: 401, Request had invalid authentication credentials. Expected OAuth 2 access token, login cookie or other valid authentication credential. See https://developers.google.com/identity/sign-in/web/devconsole-project.
[debug] [2025-05-07T09:06:14.909Z] FirebaseError: HTTP Error: 401, Request had invalid authentication credentials. Expected OAuth 2 access token, login cookie or other valid authentication credential. See https://developers.google.com/identity/sign-in/web/devconsole-project.
    at responseToError (/home/sacad/.cache/firebase/tools/lib/node_modules/firebase-tools/lib/responseToError.js:49:12)
    at RetryOperation._fn (/home/sacad/.cache/firebase/tools/lib/node_modules/firebase-tools/lib/apiv2.js:292:77)
    at process.processTicksAndRejections (node:internal/process/task_queues:95:5)
[error] 
[error] Error: Failed to list Firebase projects. See firebase-debug.log for more info.
[debug] [2025-05-07T09:06:40.949Z] ----------------------------------------------------------------------
[debug] [2025-05-07T09:06:40.954Z] Command:       /usr/local/bin/firebase /home/sacad/.cache/firebase/tools/lib/node_modules/firebase-tools/lib/bin/firebase projects:create emotion --json
[debug] [2025-05-07T09:06:40.954Z] CLI Version:   13.2.1
[debug] [2025-05-07T09:06:40.955Z] Platform:      linux
[debug] [2025-05-07T09:06:40.955Z] Node Version:  v18.5.0
[debug] [2025-05-07T09:06:40.956Z] Time:          Wed May 07 2025 12:06:40 GMT+0300 (East Africa Time)
[debug] [2025-05-07T09:06:40.956Z] ----------------------------------------------------------------------
[debug] 
[debug] [2025-05-07T09:06:41.091Z] > command requires scopes: ["email","openid","https://www.googleapis.com/auth/cloudplatformprojects.readonly","https://www.googleapis.com/auth/firebase","https://www.googleapis.com/auth/cloud-platform"]
[debug] [2025-05-07T09:06:41.092Z] > authorizing via signed-in user (digdigleeye@gmail.com)
[debug] [2025-05-07T09:06:41.096Z] > refreshing access token with scopes: []
[debug] [2025-05-07T09:06:41.099Z] >>> [apiv2][query] POST https://www.googleapis.com/oauth2/v3/token [none]
[debug] [2025-05-07T09:06:41.099Z] >>> [apiv2][body] POST https://www.googleapis.com/oauth2/v3/token [omitted]
[debug] [2025-05-07T09:06:41.648Z] <<< [apiv2][status] POST https://www.googleapis.com/oauth2/v3/token 400
[debug] [2025-05-07T09:06:41.648Z] <<< [apiv2][body] POST https://www.googleapis.com/oauth2/v3/token [omitted]
[debug] [2025-05-07T09:06:41.649Z] >>> [apiv2][query] POST https://cloudresourcemanager.googleapis.com/v1/projects [none]
[debug] [2025-05-07T09:06:41.650Z] >>> [apiv2][body] POST https://cloudresourcemanager.googleapis.com/v1/projects {"projectId":"emotion","name":"emotion"}
[debug] [2025-05-07T09:06:43.274Z] <<< [apiv2][status] POST https://cloudresourcemanager.googleapis.com/v1/projects 401
[debug] [2025-05-07T09:06:43.275Z] <<< [apiv2][body] POST https://cloudresourcemanager.googleapis.com/v1/projects {"error":{"code":401,"message":"Request had invalid authentication credentials. Expected OAuth 2 access token, login cookie or other valid authentication credential. See https://developers.google.com/identity/sign-in/web/devconsole-project.","status":"UNAUTHENTICATED","details":[{"@type":"type.googleapis.com/google.rpc.ErrorInfo","reason":"ACCESS_TOKEN_TYPE_UNSUPPORTED","metadata":{"method":"google.cloudresourcemanager.v1.Projects.CreateProject","service":"cloudresourcemanager.googleapis.com"}}]}}
[debug] [2025-05-07T09:06:43.786Z] FirebaseError: HTTP Error: 401, Request had invalid authentication credentials. Expected OAuth 2 access token, login cookie or other valid authentication credential. See https://developers.google.com/identity/sign-in/web/devconsole-project.
    at responseToError (/home/sacad/.cache/firebase/tools/lib/node_modules/firebase-tools/lib/responseToError.js:49:12)
    at RetryOperation._fn (/home/sacad/.cache/firebase/tools/lib/node_modules/firebase-tools/lib/apiv2.js:292:77)
    at process.processTicksAndRejections (node:internal/process/task_queues:95:5)
[error] 
[error] Error: Failed to create project. See firebase-debug.log for more info.
